C:\Program Files (x86)\Microsoft Visual Studio\2019\Community\MSBuild\Current\Bin\Microsoft.Common.CurrentVersion.targets(1947,5): warning : The referenced project '..\Engine\Lava.vcxproj' does not exist.
  File.cpp
G:\dev\cpp\WinAPI Branch\App\File.cpp(41,42): warning C4311: reinterpret_cast: усечение указателя из "Engine::GameObject *" в "int"
G:\dev\cpp\WinAPI Branch\App\File.cpp(41,42): warning C4302: reinterpret_cast: усечение из "Engine::GameObject *" к "int"
G:\dev\cpp\WinAPI Branch\App\File.cpp(50,32): warning C4311: приведение типов: усечение указателя из "Engine::GameObject *" в "int"
G:\dev\cpp\WinAPI Branch\App\File.cpp(50,32): warning C4302: приведение типов: усечение из "Engine::GameObject *" к "int"
G:\dev\cpp\WinAPI Branch\App\File.cpp(72,13): warning C4311: приведение типов: усечение указателя из "Engine::GameObject *" в "int"
G:\dev\cpp\WinAPI Branch\App\File.cpp(72,13): warning C4302: приведение типов: усечение из "Engine::GameObject *" к "int"
G:\dev\cpp\WinAPI Branch\App\File.cpp(80,49): warning C4311: reinterpret_cast: усечение указателя из "Engine::GameObject *" в "int"
G:\dev\cpp\WinAPI Branch\App\File.cpp(80,49): warning C4302: reinterpret_cast: усечение из "Engine::GameObject *" к "int"
G:\dev\cpp\WinAPI Branch\App\File.cpp(101,42): warning C4311: reinterpret_cast: усечение указателя из "Engine::GameObject *" в "int"
G:\dev\cpp\WinAPI Branch\App\File.cpp(101,42): warning C4302: reinterpret_cast: усечение из "Engine::GameObject *" к "int"
G:\dev\cpp\WinAPI Branch\App\File.cpp(104,57): warning C4311: reinterpret_cast: усечение указателя из "Engine::GameObject *" в "int"
G:\dev\cpp\WinAPI Branch\App\File.cpp(104,57): warning C4302: reinterpret_cast: усечение из "Engine::GameObject *" к "int"
G:\dev\cpp\WinAPI Branch\App\File.cpp(117,41): warning C4311: reinterpret_cast: усечение указателя из "Engine::GameObject *" в "int"
G:\dev\cpp\WinAPI Branch\App\File.cpp(117,41): warning C4302: reinterpret_cast: усечение из "Engine::GameObject *" к "int"
G:\dev\cpp\WinAPI Branch\App\File.cpp(121,64): warning C4316: "Engine::DirectionalLightObject": объект, размещенный в куче, может не быть выровнен 32
G:\dev\cpp\WinAPI Branch\App\File.cpp(125,47): warning C4311: reinterpret_cast: усечение указателя из "Engine::DirectionalLightObject *" в "int"
G:\dev\cpp\WinAPI Branch\App\File.cpp(125,47): warning C4302: reinterpret_cast: усечение из "Engine::DirectionalLightObject *" к "int"
G:\dev\cpp\WinAPI Branch\App\File.cpp(130,65): warning C4316: "Engine::DirectionalLightObject": объект, размещенный в куче, может не быть выровнен 32
G:\dev\cpp\WinAPI Branch\App\File.cpp(134,49): warning C4311: reinterpret_cast: усечение указателя из "Engine::DirectionalLightObject *" в "int"
G:\dev\cpp\WinAPI Branch\App\File.cpp(134,49): warning C4302: reinterpret_cast: усечение из "Engine::DirectionalLightObject *" к "int"
G:\dev\cpp\WinAPI Branch\App\File.cpp(141,56): warning C4316: "Engine::PointLightObject": объект, размещенный в куче, может не быть выровнен 32
G:\dev\cpp\WinAPI Branch\App\File.cpp(143,55): warning C4311: reinterpret_cast: усечение указателя из "Engine::PointLightObject *" в "int"
G:\dev\cpp\WinAPI Branch\App\File.cpp(143,55): warning C4302: reinterpret_cast: усечение из "Engine::PointLightObject *" к "int"
G:\dev\cpp\WinAPI Branch\App\File.cpp(146,57): warning C4316: "Engine::PointLightObject": объект, размещенный в куче, может не быть выровнен 32
G:\dev\cpp\WinAPI Branch\App\File.cpp(148,57): warning C4311: reinterpret_cast: усечение указателя из "Engine::PointLightObject *" в "int"
G:\dev\cpp\WinAPI Branch\App\File.cpp(148,57): warning C4302: reinterpret_cast: усечение из "Engine::PointLightObject *" к "int"
G:\dev\cpp\WinAPI Branch\App\File.cpp(151,57): warning C4316: "Engine::PointLightObject": объект, размещенный в куче, может не быть выровнен 32
G:\dev\cpp\WinAPI Branch\App\File.cpp(153,57): warning C4311: reinterpret_cast: усечение указателя из "Engine::PointLightObject *" в "int"
G:\dev\cpp\WinAPI Branch\App\File.cpp(153,57): warning C4302: reinterpret_cast: усечение из "Engine::PointLightObject *" к "int"
G:\dev\cpp\WinAPI Branch\App\File.cpp(156,57): warning C4316: "Engine::PointLightObject": объект, размещенный в куче, может не быть выровнен 32
G:\dev\cpp\WinAPI Branch\App\File.cpp(158,57): warning C4311: reinterpret_cast: усечение указателя из "Engine::PointLightObject *" в "int"
G:\dev\cpp\WinAPI Branch\App\File.cpp(158,57): warning C4302: reinterpret_cast: усечение из "Engine::PointLightObject *" к "int"
  App.vcxproj -> G:\dev\cpp\WinAPI Branch\x64\Debug\App.exe
