g:\dev\cpp\winapi branch\x64\debug\app.lib
g:\dev\cpp\winapi branch\x64\debug\app.exp
g:\dev\cpp\winapi branch\app\x64\debug\vc142.pdb
g:\dev\cpp\winapi branch\app\x64\debug\vc142.idb
g:\dev\cpp\winapi branch\app\x64\debug\file.obj
g:\dev\cpp\winapi branch\x64\debug\app.exe
g:\dev\cpp\winapi branch\x64\debug\app.ilk
g:\dev\cpp\winapi branch\x64\debug\app.pdb
g:\dev\cpp\winapi branch\app\x64\debug\app.tlog\app.write.1u.tlog
g:\dev\cpp\winapi branch\app\x64\debug\app.tlog\cl.command.1.tlog
g:\dev\cpp\winapi branch\app\x64\debug\app.tlog\cl.read.1.tlog
g:\dev\cpp\winapi branch\app\x64\debug\app.tlog\cl.write.1.tlog
g:\dev\cpp\winapi branch\app\x64\debug\app.tlog\link.12768.delete.1.tlog
g:\dev\cpp\winapi branch\app\x64\debug\app.tlog\link.13292.delete.1.tlog
g:\dev\cpp\winapi branch\app\x64\debug\app.tlog\link.1388.delete.1.tlog
g:\dev\cpp\winapi branch\app\x64\debug\app.tlog\link.18156.delete.1.tlog
g:\dev\cpp\winapi branch\app\x64\debug\app.tlog\link.4316.delete.1.tlog
g:\dev\cpp\winapi branch\app\x64\debug\app.tlog\link.4912.delete.1.tlog
g:\dev\cpp\winapi branch\app\x64\debug\app.tlog\link.5400.delete.1.tlog
g:\dev\cpp\winapi branch\app\x64\debug\app.tlog\link.command.1.tlog
g:\dev\cpp\winapi branch\app\x64\debug\app.tlog\link.delete.1.tlog
g:\dev\cpp\winapi branch\app\x64\debug\app.tlog\link.read.1.tlog
g:\dev\cpp\winapi branch\app\x64\debug\app.tlog\link.write.1.tlog
