  main.cpp
C:\Program Files (x86)\Windows Kits\10\Include\10.0.18362.0\shared\minwindef.h(130,1): warning C4005: APIENTRY: изменение макроопределения
E:\dev\cpp\Lava\glfw\include\GLFW\glfw3.h(123): message : см. предыдущее определение "APIENTRY"
E:\dev\cpp\Lava\Lava\src\MainVulkan.h(250,39): warning C4267: аргумент: преобразование из "size_t" в "int"; возможна потеря данных
E:\dev\cpp\Lava\Lava\src\MainVulkan.h(267,40): warning C4267: аргумент: преобразование из "size_t" в "int"; возможна потеря данных
E:\dev\cpp\Lava\Lava\src\MainVulkan.h(290,32): warning C4267: аргумент: преобразование из "size_t" в "int"; возможна потеря данных
E:\dev\cpp\Lava\Lava\src\MainVulkan.h(307,33): warning C4267: аргумент: преобразование из "size_t" в "int"; возможна потеря данных
E:\dev\cpp\Lava\Lava\src\MainVulkan.h(331,33): warning C4267: аргумент: преобразование из "size_t" в "int"; возможна потеря данных
E:\dev\cpp\Lava\Lava\src\MainVulkan.h(355,40): warning C4267: аргумент: преобразование из "size_t" в "int"; возможна потеря данных
LINK : warning LNK4075: не учитывается "/INCREMENTAL" из-за спецификации "/FORCE"
imgui_impl_vulkan.obj : warning LNK4006: "enum VkSampleCountFlagBits Lava::MSAAsamples" (?MSAAsamples@Lava@@3W4VkSampleCountFlagBits@@A) уже определен в main.obj; второе определение пропущено
imgui_impl_vulkan.obj : warning LNK4006: "enum VkSampleCountFlagBits Lava::maxMSAAsamples" (?maxMSAAsamples@Lava@@3W4VkSampleCountFlagBits@@A) уже определен в main.obj; второе определение пропущено
async.obj : warning LNK4006: "public: __cdecl spdlog::details::periodic_worker::~periodic_worker(void)" (??1periodic_worker@details@spdlog@@QEAA@XZ) уже определен в main.obj; второе определение пропущено
fmt.obj : warning LNK4006: "public: virtual __cdecl fmt::v7::format_error::~format_error(void)" (??1format_error@v7@fmt@@UEAA@XZ) уже определен в main.obj; второе определение пропущено
fmt.obj : warning LNK4006: "void __cdecl fmt::v7::detail::assert_fail(char const *,int,char const *)" (?assert_fail@detail@v7@fmt@@YAXPEBDH0@Z) уже определен в main.obj; второе определение пропущено
fmt.obj : warning LNK4006: "void __cdecl fmt::v7::detail::format_error_code(class fmt::v7::detail::buffer<char> &,int,class fmt::v7::basic_string_view<char>)" (?format_error_code@detail@v7@fmt@@YAXAEAV?$buffer@D@123@HV?$basic_string_view@D@23@@Z) уже определен в main.obj; второе определение пропущено
fmt.obj : warning LNK4006: "void __cdecl fmt::v7::format_system_error(class fmt::v7::detail::buffer<char> &,int,class fmt::v7::basic_string_view<char>)" (?format_system_error@v7@fmt@@YAXAEAV?$buffer@D@detail@12@HV?$basic_string_view@D@12@@Z) уже определен в main.obj; второе определение пропущено
fmt.obj : warning LNK4006: "public: void __cdecl fmt::v7::detail::error_handler::on_error(char const *)" (?on_error@error_handler@detail@v7@fmt@@QEAAXPEBD@Z) уже определен в main.obj; второе определение пропущено
fmt.obj : warning LNK4006: "int __cdecl fmt::v7::detail::safe_strerror(int,char * &,unsigned __int64)" (?safe_strerror@detail@v7@fmt@@YAHHAEAPEAD_K@Z) уже определен в main.obj; второе определение пропущено
spdlog.obj : warning LNK4006: "public: __cdecl spdlog::details::backtracer::backtracer(class spdlog::details::backtracer const &)" (??0backtracer@details@spdlog@@QEAA@AEBV012@@Z) уже определен в main.obj; второе определение пропущено
spdlog.obj : warning LNK4006: "public: __cdecl spdlog::details::log_msg::log_msg(struct spdlog::source_loc,class fmt::v7::basic_string_view<char>,enum spdlog::level::level_enum,class fmt::v7::basic_string_view<char>)" (??0log_msg@details@spdlog@@QEAA@Usource_loc@2@V?$basic_string_view@D@v7@fmt@@W4level_enum@level@2@1@Z) уже определен в main.obj; второе определение пропущено
spdlog.obj : warning LNK4006: "public: __cdecl spdlog::details::log_msg::log_msg(class std::chrono::time_point<struct std::chrono::system_clock,class std::chrono::duration<__int64,struct std::ratio<1,10000000> > >,struct spdlog::source_loc,class fmt::v7::basic_string_view<char>,enum spdlog::level::level_enum,class fmt::v7::basic_string_view<char>)" (??0log_msg@details@spdlog@@QEAA@V?$time_point@Usystem_clock@chrono@std@@V?$duration@_JU?$ratio@$00$0JIJGIA@@std@@@23@@chrono@std@@Usource_loc@2@V?$basic_string_view@D@v7@fmt@@W4level_enum@level@2@2@Z) уже определен в main.obj; второе определение пропущено
spdlog.obj : warning LNK4006: "public: __cdecl spdlog::details::log_msg_buffer::log_msg_buffer(struct spdlog::details::log_msg const &)" (??0log_msg_buffer@details@spdlog@@QEAA@AEBUlog_msg@12@@Z) уже определен в main.obj; второе определение пропущено
spdlog.obj : warning LNK4006: "public: __cdecl spdlog::details::log_msg_buffer::log_msg_buffer(class spdlog::details::log_msg_buffer const &)" (??0log_msg_buffer@details@spdlog@@QEAA@AEBV012@@Z) уже определен в main.obj; второе определение пропущено
spdlog.obj : warning LNK4006: "public: __cdecl spdlog::logger::logger(class spdlog::logger const &)" (??0logger@spdlog@@QEAA@AEBV01@@Z) уже определен в main.obj; второе определение пропущено
spdlog.obj : warning LNK4006: "public: __cdecl spdlog::pattern_formatter::pattern_formatter(class std::basic_string<char,struct std::char_traits<char>,class std::allocator<char> >,enum spdlog::pattern_time_type,class std::basic_string<char,struct std::char_traits<char>,class std::allocator<char> >,class std::unordered_map<char,class std::unique_ptr<class spdlog::custom_flag_formatter,struct std::default_delete<class spdlog::custom_flag_formatter> >,struct std::hash<char>,struct std::equal_to<char>,class std::allocator<struct std::pair<char const ,class std::unique_ptr<class spdlog::custom_flag_formatter,struct std::default_delete<class spdlog::custom_flag_formatter> > > > >)" (??0pattern_formatter@spdlog@@QEAA@V?$basic_string@DU?$char_traits@D@std@@V?$allocator@D@2@@std@@W4pattern_time_type@1@0V?$unordered_map@DV?$unique_ptr@Vcustom_flag_formatter@spdlog@@U?$default_delete@Vcustom_flag_formatter@spdlog@@@std@@@std@@U?$hash@D@2@U?$equal_to@D@2@V?$allocator@U?$pair@$$CBDV?$unique_ptr@Vcustom_flag_formatter@spdlog@@U?$default_delete@Vcustom_flag_formatter@spdlog@@@std@@@std@@@std@@@2@@3@@Z) уже определен в main.obj; второе определение пропущено
spdlog.obj : warning LNK4006: "public: __cdecl spdlog::pattern_formatter::pattern_formatter(enum spdlog::pattern_time_type,class std::basic_string<char,struct std::char_traits<char>,class std::allocator<char> >)" (??0pattern_formatter@spdlog@@QEAA@W4pattern_time_type@1@V?$basic_string@DU?$char_traits@D@std@@V?$allocator@D@2@@std@@@Z) уже определен в main.obj; второе определение пропущено
spdlog.obj : warning LNK4006: "private: __cdecl spdlog::details::registry::registry(void)" (??0registry@details@spdlog@@AEAA@XZ) уже определен в main.obj; второе определение пропущено
spdlog.obj : warning LNK4006: "public: __cdecl spdlog::spdlog_ex::spdlog_ex(class std::basic_string<char,struct std::char_traits<char>,class std::allocator<char> > const &,int)" (??0spdlog_ex@spdlog@@QEAA@AEBV?$basic_string@DU?$char_traits@D@std@@V?$allocator@D@2@@std@@H@Z) уже определен в main.obj; второе определение пропущено
spdlog.obj : warning LNK4006: "public: __cdecl spdlog::spdlog_ex::spdlog_ex(class std::basic_string<char,struct std::char_traits<char>,class std::allocator<char> >)" (??0spdlog_ex@spdlog@@QEAA@V?$basic_string@DU?$char_traits@D@std@@V?$allocator@D@2@@std@@@Z) уже определен в main.obj; второе определение пропущено
spdlog.obj : warning LNK4006: "private: __cdecl spdlog::details::registry::~registry(void)" (??1registry@details@spdlog@@AEAA@XZ) уже определен в main.obj; второе определение пропущено
spdlog.obj : warning LNK4006: "public: class spdlog::details::log_msg_buffer & __cdecl spdlog::details::log_msg_buffer::operator=(class spdlog::details::log_msg_buffer &&)" (??4log_msg_buffer@details@spdlog@@QEAAAEAV012@$$QEAV012@@Z) уже определен в main.obj; второе определение пропущено
spdlog.obj : warning LNK4006: "public: class spdlog::details::log_msg_buffer & __cdecl spdlog::details::log_msg_buffer::operator=(class spdlog::details::log_msg_buffer const &)" (??4log_msg_buffer@details@spdlog@@QEAAAEAV012@AEBV012@@Z) уже определен в main.obj; второе определение пропущено
spdlog.obj : warning LNK4006: "unsigned __int64 __cdecl spdlog::details::os::_thread_id(void)" (?_thread_id@os@details@spdlog@@YA_KXZ) уже определен в main.obj; второе определение пропущено
spdlog.obj : warning LNK4006: "public: virtual class std::shared_ptr<class spdlog::logger> __cdecl spdlog::logger::clone(class std::basic_string<char,struct std::char_traits<char>,class std::allocator<char> >)" (?clone@logger@spdlog@@UEAA?AV?$shared_ptr@Vlogger@spdlog@@@std@@V?$basic_string@DU?$char_traits@D@std@@V?$allocator@D@2@@4@@Z) уже определен в main.obj; второе определение пропущено
spdlog.obj : warning LNK4006: "public: virtual class std::unique_ptr<class spdlog::formatter,struct std::default_delete<class spdlog::formatter> > __cdecl spdlog::pattern_formatter::clone(void)const " (?clone@pattern_formatter@spdlog@@UEBA?AV?$unique_ptr@Vformatter@spdlog@@U?$default_delete@Vformatter@spdlog@@@std@@@std@@XZ) уже определен в main.obj; второе определение пропущено
spdlog.obj : warning LNK4006: "private: void __cdecl spdlog::pattern_formatter::compile_pattern_(class std::basic_string<char,struct std::char_traits<char>,class std::allocator<char> > const &)" (?compile_pattern_@pattern_formatter@spdlog@@AEAAXAEBV?$basic_string@DU?$char_traits@D@std@@V?$allocator@D@2@@std@@@Z) уже определен в main.obj; второе определение пропущено
spdlog.obj : warning LNK4006: "class spdlog::logger * __cdecl spdlog::default_logger_raw(void)" (?default_logger_raw@spdlog@@YAPEAVlogger@1@XZ) уже определен в main.obj; второе определение пропущено
spdlog.obj : warning LNK4006: "public: bool __cdecl spdlog::details::backtracer::enabled(void)const " (?enabled@backtracer@details@spdlog@@QEBA_NXZ) уже определен в main.obj; второе определение пропущено
spdlog.obj : warning LNK4006: "protected: void __cdecl spdlog::logger::err_handler_(class std::basic_string<char,struct std::char_traits<char>,class std::allocator<char> > const &)" (?err_handler_@logger@spdlog@@IEAAXAEBV?$basic_string@DU?$char_traits@D@std@@V?$allocator@D@2@@std@@@Z) уже определен в main.obj; второе определение пропущено
spdlog.obj : warning LNK4006: "protected: virtual void __cdecl spdlog::logger::flush_(void)" (?flush_@logger@spdlog@@MEAAXXZ) уже определен в main.obj; второе определение пропущено
spdlog.obj : warning LNK4006: "public: virtual void __cdecl spdlog::pattern_formatter::format(struct spdlog::details::log_msg const &,class fmt::v7::basic_memory_buffer<char,250,class std::allocator<char> > &)" (?format@pattern_formatter@spdlog@@UEAAXAEBUlog_msg@details@2@AEAV?$basic_memory_buffer@D$0PK@V?$allocator@D@std@@@v7@fmt@@@Z) уже определен в main.obj; второе определение пропущено
spdlog.obj : warning LNK4006: "public: class spdlog::logger * __cdecl spdlog::details::registry::get_default_raw(void)" (?get_default_raw@registry@details@spdlog@@QEAAPEAVlogger@3@XZ) уже определен в main.obj; второе определение пропущено
spdlog.obj : warning LNK4006: "private: struct tm __cdecl spdlog::pattern_formatter::get_time_(struct spdlog::details::log_msg const &)" (?get_time_@pattern_formatter@spdlog@@AEAA?AUtm@@AEBUlog_msg@details@2@@Z) уже определен в main.obj; второе определение пропущено
spdlog.obj : warning LNK4006: "struct tm __cdecl spdlog::details::os::gmtime(__int64 const &)" (?gmtime@os@details@spdlog@@YA?AUtm@@AEB_J@Z) уже определен в main.obj; второе определение пропущено
spdlog.obj : warning LNK4006: "private: static struct spdlog::details::padding_info __cdecl spdlog::pattern_formatter::handle_padspec_(class std::_String_const_iterator<class std::_String_val<struct std::_Simple_types<char> > > &,class std::_String_const_iterator<class std::_String_val<struct std::_Simple_types<char> > >)" (?handle_padspec_@pattern_formatter@spdlog@@CA?AUpadding_info@details@2@AEAV?$_String_const_iterator@V?$_String_val@U?$_Simple_types@D@std@@@std@@@std@@V56@@Z) уже определен в main.obj; второе определение пропущено
spdlog.obj : warning LNK4006: "public: static class spdlog::details::registry & __cdecl spdlog::details::registry::instance(void)" (?instance@registry@details@spdlog@@SAAEAV123@XZ) уже определен в main.obj; второе определение пропущено
spdlog.obj : warning LNK4006: "struct tm __cdecl spdlog::details::os::localtime(__int64 const &)" (?localtime@os@details@spdlog@@YA?AUtm@@AEB_J@Z) уже определен в main.obj; второе определение пропущено
spdlog.obj : warning LNK4006: "protected: void __cdecl spdlog::logger::log_it_(struct spdlog::details::log_msg const &,bool,bool)" (?log_it_@logger@spdlog@@IEAAXAEBUlog_msg@details@2@_N1@Z) уже определен в main.obj; второе определение пропущено
spdlog.obj : warning LNK4006: "public: class std::basic_string<char,struct std::char_traits<char>,class std::allocator<char> > const & __cdecl spdlog::logger::name(void)const " (?name@logger@spdlog@@QEBAAEBV?$basic_string@DU?$char_traits@D@std@@V?$allocator@D@2@@std@@XZ) уже определен в main.obj; второе определение пропущено
spdlog.obj : warning LNK4006: "class std::chrono::time_point<struct std::chrono::system_clock,class std::chrono::duration<__int64,struct std::ratio<1,10000000> > > __cdecl spdlog::details::os::now(void)" (?now@os@details@spdlog@@YA?AV?$time_point@Usystem_clock@chrono@std@@V?$duration@_JU?$ratio@$00$0JIJGIA@@std@@@23@@chrono@std@@XZ) уже определен в main.obj; второе определение пропущено
spdlog.obj : warning LNK4006: "int __cdecl spdlog::details::os::pid(void)" (?pid@os@details@spdlog@@YAHXZ) уже определен в main.obj; второе определение пропущено
spdlog.obj : warning LNK4006: "public: void __cdecl spdlog::details::backtracer::push_back(struct spdlog::details::log_msg const &)" (?push_back@backtracer@details@spdlog@@QEAAXAEBUlog_msg@23@@Z) уже определен в main.obj; второе определение пропущено
spdlog.obj : warning LNK4006: "protected: bool __cdecl spdlog::logger::should_flush_(struct spdlog::details::log_msg const &)" (?should_flush_@logger@spdlog@@IEAA_NAEBUlog_msg@details@2@@Z) уже определен в main.obj; второе определение пропущено
spdlog.obj : warning LNK4006: "public: bool __cdecl spdlog::sinks::sink::should_log(enum spdlog::level::level_enum)const " (?should_log@sink@sinks@spdlog@@QEBA_NW4level_enum@level@3@@Z) уже определен в main.obj; второе определение пропущено
spdlog.obj : warning LNK4006: "protected: virtual void __cdecl spdlog::logger::sink_it_(struct spdlog::details::log_msg const &)" (?sink_it_@logger@spdlog@@MEAAXAEBUlog_msg@details@2@@Z) уже определен в main.obj; второе определение пропущено
spdlog.obj : warning LNK4006: "unsigned __int64 __cdecl spdlog::details::os::thread_id(void)" (?thread_id@os@details@spdlog@@YA_KXZ) уже определен в main.obj; второе определение пропущено
spdlog.obj : warning LNK4006: "void __cdecl spdlog::throw_spdlog_ex(class std::basic_string<char,struct std::char_traits<char>,class std::allocator<char> > const &,int)" (?throw_spdlog_ex@spdlog@@YAXAEBV?$basic_string@DU?$char_traits@D@std@@V?$allocator@D@2@@std@@H@Z) уже определен в main.obj; второе определение пропущено
spdlog.obj : warning LNK4006: "void __cdecl spdlog::throw_spdlog_ex(class std::basic_string<char,struct std::char_traits<char>,class std::allocator<char> >)" (?throw_spdlog_ex@spdlog@@YAXV?$basic_string@DU?$char_traits@D@std@@V?$allocator@D@2@@std@@@Z) уже определен в main.obj; второе определение пропущено
spdlog.obj : warning LNK4006: "char const * __cdecl spdlog::level::to_short_c_str(enum spdlog::level::level_enum)" (?to_short_c_str@level@spdlog@@YAPEBDW4level_enum@12@@Z) уже определен в main.obj; второе определение пропущено
spdlog.obj : warning LNK4006: "class fmt::v7::basic_string_view<char> & __cdecl spdlog::level::to_string_view(enum spdlog::level::level_enum)" (?to_string_view@level@spdlog@@YAAEAV?$basic_string_view@D@v7@fmt@@W4level_enum@12@@Z) уже определен в main.obj; второе определение пропущено
spdlog.obj : warning LNK4006: "private: void __cdecl spdlog::details::log_msg_buffer::update_string_views(void)" (?update_string_views@log_msg_buffer@details@spdlog@@AEAAXXZ) уже определен в main.obj; второе определение пропущено
spdlog.obj : warning LNK4006: "int __cdecl spdlog::details::os::utc_minutes_offset(struct tm const &)" (?utc_minutes_offset@os@details@spdlog@@YAHAEBUtm@@@Z) уже определен в main.obj; второе определение пропущено
spdlog.obj : warning LNK4006: "public: virtual char const * __cdecl spdlog::spdlog_ex::what(void)const " (?what@spdlog_ex@spdlog@@UEBAPEBDXZ) уже определен в main.obj; второе определение пропущено
LINK : warning LNK4098: библиотека по умолчанию "MSVCRT" конфликтует с использованием других библиотек; используйте /NODEFAULTLIB:library
E:\dev\cpp\Lava\x64\Debug\Lava.exe : warning LNK4088: образ создается из-за параметра /FORCE; образ нельзя запустить
  Lava.vcxproj -> E:\dev\cpp\Lava\x64\Debug\Lava.exe
