e:\dev\cpp\winapi branch\engine\x64\debug\vc142.pdb
e:\dev\cpp\winapi branch\engine\x64\debug\vc142.idb
e:\dev\cpp\winapi branch\engine\x64\debug\imgui_widgets.obj
e:\dev\cpp\winapi branch\engine\x64\debug\imgui_impl_win32.obj
e:\dev\cpp\winapi branch\engine\x64\debug\imgui_impl_vulkan.obj
e:\dev\cpp\winapi branch\engine\x64\debug\imgui_impl_glfw.obj
e:\dev\cpp\winapi branch\engine\x64\debug\imgui_draw.obj
e:\dev\cpp\winapi branch\engine\x64\debug\imgui_demo.obj
e:\dev\cpp\winapi branch\engine\x64\debug\imgui.obj
e:\dev\cpp\winapi branch\engine\x64\debug\mesh.obj
e:\dev\cpp\winapi branch\engine\x64\debug\images.obj
e:\dev\cpp\winapi branch\engine\x64\debug\buffers.obj
e:\dev\cpp\winapi branch\engine\x64\debug\application.obj
e:\dev\cpp\winapi branch\engine\x64\debug\entrypoint.obj
e:\dev\cpp\winapi branch\engine\x64\debug\volk.obj
e:\dev\cpp\winapi branch\x64\debug\engine.exe
e:\dev\cpp\winapi branch\x64\debug\engine.pdb
e:\dev\cpp\winapi branch\engine\x64\debug\engine.tlog\cl.command.1.tlog
e:\dev\cpp\winapi branch\engine\x64\debug\engine.tlog\cl.read.1.tlog
e:\dev\cpp\winapi branch\engine\x64\debug\engine.tlog\cl.write.1.tlog
e:\dev\cpp\winapi branch\engine\x64\debug\engine.tlog\link.command.1.tlog
e:\dev\cpp\winapi branch\engine\x64\debug\engine.tlog\link.read.1.tlog
e:\dev\cpp\winapi branch\engine\x64\debug\engine.tlog\link.write.1.tlog
