e:\dev\cpp\winapi branch\lava\x64\debug\vc142.pdb
e:\dev\cpp\winapi branch\lava\x64\debug\vc142.idb
e:\dev\cpp\winapi branch\lava\x64\debug\imgui_widgets.obj
e:\dev\cpp\winapi branch\lava\x64\debug\imgui_impl_win32.obj
e:\dev\cpp\winapi branch\lava\x64\debug\imgui_impl_vulkan.obj
e:\dev\cpp\winapi branch\lava\x64\debug\imgui_impl_glfw.obj
e:\dev\cpp\winapi branch\lava\x64\debug\imgui_draw.obj
e:\dev\cpp\winapi branch\lava\x64\debug\imgui_demo.obj
e:\dev\cpp\winapi branch\lava\x64\debug\imgui.obj
e:\dev\cpp\winapi branch\lava\x64\debug\globaldec.obj
e:\dev\cpp\winapi branch\lava\x64\debug\entrypoint.obj
e:\dev\cpp\winapi branch\lava\x64\debug\volk.obj
e:\dev\cpp\winapi branch\lava\x64\debug\meshsrc.obj
e:\dev\cpp\winapi branch\lava\x64\debug\images.obj
e:\dev\cpp\winapi branch\x64\debug\lava.exe
e:\dev\cpp\winapi branch\x64\debug\lava.pdb
e:\dev\cpp\winapi branch\lava\x64\debug\lava.tlog\cl.command.1.tlog
e:\dev\cpp\winapi branch\lava\x64\debug\lava.tlog\cl.read.1.tlog
e:\dev\cpp\winapi branch\lava\x64\debug\lava.tlog\cl.write.1.tlog
e:\dev\cpp\winapi branch\lava\x64\debug\lava.tlog\link.command.1.tlog
e:\dev\cpp\winapi branch\lava\x64\debug\lava.tlog\link.read.1.tlog
e:\dev\cpp\winapi branch\lava\x64\debug\lava.tlog\link.write.1.tlog
